<?xml version="1.0" encoding="UTF-8"?>
<!-- Generated by org.testng.reporters.JUnitReportReporter -->
<testsuite hostname="Mayanks-MacBook-Pro.local" failures="0" tests="7" name="com.SeleniumPractice.ExampleTestNG" time="33.855" errors="0" timestamp="2023-06-16T07:50:41 IST" skipped="0">
  <testcase classname="com.SeleniumPractice.ExampleTestNG" name="test3" time="3.258"/>
  <testcase classname="com.SeleniumPractice.ExampleTestNG" name="test6" time="2.130"/>
  <testcase classname="com.SeleniumPractice.ExampleTestNG" name="test7" time="4.686"/>
  <testcase classname="com.SeleniumPractice.ExampleTestNG" name="test2" time="3.931"/>
  <testcase classname="com.SeleniumPractice.ExampleTestNG" name="test5" time="2.264"/>
  <testcase classname="com.SeleniumPractice.ExampleTestNG" name="test4" time="2.711"/>
  <testcase classname="com.SeleniumPractice.ExampleTestNG" name="test1" time="14.875"/>
</testsuite> <!-- com.SeleniumPractice.ExampleTestNG -->
