<?xml version="1.0" encoding="UTF-8"?>
<!-- Generated by org.testng.reporters.JUnitReportReporter -->
<testsuite hostname="Mayanks-MacBook-Pro.local" failures="0" tests="1" name="com.SeleniumPractice.TestNGExample" time="0.008" errors="0" timestamp="2023-06-14T07:30:09 IST" skipped="0">
  <testcase classname="com.SeleniumPractice.TestNGExample" name="test1" time="0.008"/>
</testsuite> <!-- com.SeleniumPractice.TestNGExample -->
